2024-07-29 13:08:46 -  - exec CUpdateClientPartner::__CollectRequestData
2024-07-29 13:08:46 -  - exec CUpdateClientPartner::GetHTTPPage
2024-07-29 13:08:47 -  - exec CUpdateClientPartner::ParseServerData
2024-07-29 13:08:47 -  - exec CUpdateClientPartner::GetUpdatesList
2024-07-29 13:08:47 -  - exec CUpdateClientPartner::__CollectRequestData
2024-07-29 13:08:47 -  - utf=Y&lang=ru&stable=Y&CANGZIP=Y&SUPD_DBS=MYSQL&XE=N&CLIENT_SITE=jvas.ru&LICENSE_KEY=X&SUPD_STS=1&SUPD_URS=1&TYPENC=D&CLIENT_PHPVER=8.0.30&NGINX=Y&dbv=5.7.21&instm=main%2C23.300.100%2CY%3Bclouds%2C23.0.0%2CN%3Bui%2C22.1600.0%2CN%3Blanding%2C23.600.100%2CN%3Bform%2C22.0.0%2CN%3Blocation%2C23.0.0%2CN%3Bseo%2C23.200.0%2CN%3Biblock%2C23.100.0%2CN%3Bscale%2C21.0.0%2CN%3Bbitrixcloud%2C22.100.0%2CN%3Bbitrix.siteinfoportal%2C15.5.0%2CN%3Bsocialservices%2C22.200.400%2CN%3Bsubscribe%2C21.0.0%2CN%3Btranslate%2C23.200.0%2CN%3Bperfmon%2C21.0.0%2CN%3Brest%2C23.100.0%2CN%3Bsearch%2C22.100.0%2CN%3Bforum%2C23.0.0%2CN%3Bmessageservice%2C23.0.0%2CN%3Bmobileapp%2C23.0.0%2CN%3Bfileman%2C22.300.0%2CN%3Bbitrix.sitepersonal%2C15.5.0%2CN%3Bphotogallery%2C22.0.200%2CN%3Bb24connector%2C22.0.0%2CN%3Bhighloadblock%2C22.200.0%2CN%3Bblog%2C22.0.0%2CN%3Bbitrix.sitecorporate%2C15.5.0%2CN%3Bvote%2C23.0.0%2CN%3Bsecurity%2C21.300.0%2CN&reqm=bitrix.siteinfoportal%2Cbitrix.sitepersonal%2Cbitrix.sitecorporate&fullmoduleinfo=Y&SUPD_SRS=RU&SUPD_CMP=N
2024-07-29 13:08:47 -  - exec CUpdateClientPartner::GetHTTPPage
2024-07-29 13:08:47 -  - TIME GetUpdatesList(request) 0.151 sec
2024-07-29 13:08:47 -  - exec CUpdateClientPartner::ParseServerData
2024-07-29 13:08:47 -  - exec CUpdateClientPartner::__CollectRequestData
2024-07-29 13:08:47 -  - exec CUpdateClientPartner::GetHTTPPage
2024-07-29 13:08:47 -  - exec CUpdateClientPartner::ParseServerData
2024-08-07 21:50:51 -  - exec CUpdateClientPartner::__CollectRequestData
2024-08-07 21:50:51 -  - exec CUpdateClientPartner::GetHTTPPage
2024-08-07 21:50:51 -  - exec CUpdateClientPartner::ParseServerData
2024-08-07 21:50:51 -  - exec CUpdateClientPartner::GetUpdatesList
2024-08-07 21:50:51 -  - exec CUpdateClientPartner::__CollectRequestData
2024-08-07 21:50:51 -  - utf=Y&lang=ru&stable=Y&CANGZIP=Y&SUPD_DBS=MYSQL&XE=N&CLIENT_SITE=angelina&LICENSE_KEY=X&SUPD_STS=1&SUPD_URS=0&TYPENC=E&CLIENT_PHPVER=8.1.9&NGINX=Y&dbv=8.0.30&instm=main%2C23.900.600%2CN%3Bb24connector%2C22.0.0%2CN%3Bbitrix.sitecorporate%2C15.5.0%2CN%3Bbitrix.siteinfoportal%2C15.5.0%2CN%3Bbitrix.sitepersonal%2C15.5.0%2CN%3Bbitrixcloud%2C23.0.0%2CN%3Bblog%2C23.100.0%2CN%3Bclouds%2C23.100.0%2CN%3Bfileman%2C23.300.0%2CN%3Bform%2C23.0.0%2CN%3Bforum%2C23.400.0%2CN%3Bhighloadblock%2C23.100.0%2CN%3Biblock%2C23.400.100%2CN%3Blanding%2C23.1300.200%2CN%3Blocation%2C23.300.0%2CN%3Bmessageservice%2C24.0.0%2CN%3Bmobileapp%2C23.200.0%2CN%3Bperfmon%2C23.100.0%2CN%3Bphotogallery%2C23.0.0%2CN%3Brest%2C24.0.0%2CN%3Bscale%2C21.0.0%2CN%3Bsearch%2C23.0.0%2CN%3Bsecurity%2C23.200.100%2CN%3Bseo%2C23.500.0%2CN%3Bsocialservices%2C24.0.100%2CN%3Bsubscribe%2C23.100.0%2CN%3Btranslate%2C23.400.0%2CN%3Bui%2C23.575.0%2CN%3Bvote%2C23.300.100%2CN&reqm=bitrix.sitecorporate%2Cbitrix.siteinfoportal%2Cbitrix.sitepersonal&fullmoduleinfo=Y&SUPD_SRS=RU&SUPD_CMP=N
2024-08-07 21:50:51 -  - exec CUpdateClientPartner::GetHTTPPage
2024-08-07 21:50:52 -  - TIME GetUpdatesList(request) 0.18 sec
2024-08-07 21:50:52 -  - exec CUpdateClientPartner::ParseServerData
2024-08-07 21:50:52 -  - exec CUpdateClientPartner::__CollectRequestData
2024-08-07 21:50:52 -  - exec CUpdateClientPartner::GetHTTPPage
2024-08-07 21:50:52 -  - exec CUpdateClientPartner::ParseServerData
2024-08-17 16:05:05 -  - exec CUpdateClientPartner::__CollectRequestData
2024-08-17 16:05:05 -  - exec CUpdateClientPartner::GetHTTPPage
2024-08-17 16:05:05 -  - exec CUpdateClientPartner::ParseServerData
2024-08-17 16:05:05 -  - exec CUpdateClientPartner::GetUpdatesList
2024-08-17 16:05:05 -  - exec CUpdateClientPartner::__CollectRequestData
2024-08-17 16:05:05 -  - utf=Y&lang=ru&stable=Y&CANGZIP=Y&SUPD_DBS=MYSQL&XE=N&CLIENT_SITE=angelina&LICENSE_KEY=X&SUPD_STS=1&SUPD_URS=0&TYPENC=E&CLIENT_PHPVER=8.0.22&NGINX=Y&dbv=8.0.30&instm=main%2C23.900.600%2CN%3Bb24connector%2C22.0.0%2CN%3Bbitrix.sitecorporate%2C15.5.0%2CN%3Bbitrix.siteinfoportal%2C15.5.0%2CN%3Bbitrix.sitepersonal%2C15.5.0%2CN%3Bbitrixcloud%2C23.0.0%2CN%3Bblog%2C23.100.0%2CN%3Bclouds%2C23.100.0%2CN%3Bfileman%2C23.300.0%2CN%3Bform%2C23.0.0%2CN%3Bforum%2C23.400.0%2CN%3Bhighloadblock%2C23.100.0%2CN%3Biblock%2C23.400.100%2CN%3Blanding%2C23.1300.200%2CN%3Blocation%2C23.300.0%2CN%3Bmessageservice%2C24.0.0%2CN%3Bmobileapp%2C23.200.0%2CN%3Bperfmon%2C23.100.0%2CN%3Bphotogallery%2C23.0.0%2CN%3Brest%2C24.0.0%2CN%3Bscale%2C21.0.0%2CN%3Bsearch%2C23.0.0%2CN%3Bsecurity%2C23.200.100%2CN%3Bseo%2C23.500.0%2CN%3Bsocialservices%2C24.0.100%2CN%3Bsubscribe%2C23.100.0%2CN%3Btranslate%2C23.400.0%2CN%3Bui%2C23.575.0%2CN%3Bvote%2C23.300.100%2CN&reqm=bitrix.sitecorporate%2Cbitrix.siteinfoportal%2Cbitrix.sitepersonal&fullmoduleinfo=Y&SUPD_SRS=RU&SUPD_CMP=N
2024-08-17 16:05:05 -  - exec CUpdateClientPartner::GetHTTPPage
2024-08-17 16:05:05 -  - TIME GetUpdatesList(request) 0.141 sec
2024-08-17 16:05:05 -  - exec CUpdateClientPartner::ParseServerData
2024-08-17 16:05:05 -  - exec CUpdateClientPartner::__CollectRequestData
2024-08-17 16:05:05 -  - exec CUpdateClientPartner::GetHTTPPage
2024-08-17 16:05:05 -  - exec CUpdateClientPartner::ParseServerData
2024-08-24 17:24:52 -  - exec CUpdateClientPartner::__CollectRequestData
2024-08-24 17:24:52 -  - exec CUpdateClientPartner::GetHTTPPage
2024-08-24 17:24:52 -  - exec CUpdateClientPartner::ParseServerData
2024-08-24 17:24:52 -  - exec CUpdateClientPartner::GetUpdatesList
2024-08-24 17:24:52 -  - exec CUpdateClientPartner::__CollectRequestData
2024-08-24 17:24:52 -  - utf=Y&lang=ru&stable=Y&CANGZIP=Y&SUPD_DBS=MYSQL&XE=N&CLIENT_SITE=angelina&LICENSE_KEY=X&SUPD_STS=1&SUPD_URS=0&TYPENC=E&CLIENT_PHPVER=8.0.22&NGINX=Y&dbv=8.0.30&instm=main%2C23.900.600%2CN%3Bb24connector%2C22.0.0%2CN%3Bbitrix.sitecorporate%2C15.5.0%2CN%3Bbitrix.siteinfoportal%2C15.5.0%2CN%3Bbitrix.sitepersonal%2C15.5.0%2CN%3Bbitrixcloud%2C23.0.0%2CN%3Bblog%2C23.100.0%2CN%3Bclouds%2C23.100.0%2CN%3Bfileman%2C23.300.0%2CN%3Bform%2C23.0.0%2CN%3Bforum%2C23.400.0%2CN%3Bhighloadblock%2C23.100.0%2CN%3Biblock%2C23.400.100%2CN%3Blanding%2C23.1300.200%2CN%3Blocation%2C23.300.0%2CN%3Bmessageservice%2C24.0.0%2CN%3Bmobileapp%2C23.200.0%2CN%3Bperfmon%2C23.100.0%2CN%3Bphotogallery%2C23.0.0%2CN%3Brest%2C24.0.0%2CN%3Bscale%2C21.0.0%2CN%3Bsearch%2C23.0.0%2CN%3Bsecurity%2C23.200.100%2CN%3Bseo%2C23.500.0%2CN%3Bsocialservices%2C24.0.100%2CN%3Bsubscribe%2C23.100.0%2CN%3Btranslate%2C23.400.0%2CN%3Bui%2C23.575.0%2CN%3Bvote%2C23.300.100%2CN&reqm=bitrix.sitecorporate%2Cbitrix.siteinfoportal%2Cbitrix.sitepersonal&fullmoduleinfo=Y&SUPD_SRS=RU&SUPD_CMP=N
2024-08-24 17:24:52 -  - exec CUpdateClientPartner::GetHTTPPage
2024-08-24 17:24:52 -  - TIME GetUpdatesList(request) 0.175 sec
2024-08-24 17:24:52 -  - exec CUpdateClientPartner::ParseServerData
2024-08-24 17:24:52 -  - exec CUpdateClientPartner::__CollectRequestData
2024-08-24 17:24:52 -  - exec CUpdateClientPartner::GetHTTPPage
2024-08-24 17:24:54 -  - exec CUpdateClientPartner::ParseServerData
2024-08-31 20:33:19 -  - exec CUpdateClientPartner::__CollectRequestData
2024-08-31 20:33:19 -  - exec CUpdateClientPartner::GetHTTPPage
2024-08-31 20:33:19 -  - exec CUpdateClientPartner::ParseServerData
2024-08-31 20:33:19 -  - exec CUpdateClientPartner::GetUpdatesList
2024-08-31 20:33:19 -  - exec CUpdateClientPartner::__CollectRequestData
2024-08-31 20:33:19 -  - utf=Y&lang=ru&stable=Y&CANGZIP=Y&SUPD_DBS=MYSQL&XE=N&CLIENT_SITE=angelina&LICENSE_KEY=X&SUPD_STS=1&SUPD_URS=0&TYPENC=E&CLIENT_PHPVER=8.0.22&NGINX=Y&dbv=8.0.30&instm=main%2C23.900.600%2CN%3Bb24connector%2C22.0.0%2CN%3Bbitrix.sitecorporate%2C15.5.0%2CN%3Bbitrix.siteinfoportal%2C15.5.0%2CN%3Bbitrix.sitepersonal%2C15.5.0%2CN%3Bbitrixcloud%2C23.0.0%2CN%3Bblog%2C23.100.0%2CN%3Bclouds%2C23.100.0%2CN%3Bfileman%2C23.300.0%2CN%3Bform%2C23.0.0%2CN%3Bforum%2C23.400.0%2CN%3Bhighloadblock%2C23.100.0%2CN%3Biblock%2C23.400.100%2CN%3Blanding%2C23.1300.200%2CN%3Blocation%2C23.300.0%2CN%3Bmessageservice%2C24.0.0%2CN%3Bmobileapp%2C23.200.0%2CN%3Bperfmon%2C23.100.0%2CN%3Bphotogallery%2C23.0.0%2CN%3Brest%2C24.0.0%2CN%3Bscale%2C21.0.0%2CN%3Bsearch%2C23.0.0%2CN%3Bsecurity%2C23.200.100%2CN%3Bseo%2C23.500.0%2CN%3Bsocialservices%2C24.0.100%2CN%3Bsubscribe%2C23.100.0%2CN%3Btranslate%2C23.400.0%2CN%3Bui%2C23.575.0%2CN%3Bvote%2C23.300.100%2CN&reqm=bitrix.sitecorporate%2Cbitrix.siteinfoportal%2Cbitrix.sitepersonal&fullmoduleinfo=Y&SUPD_SRS=RU&SUPD_CMP=N
2024-08-31 20:33:19 -  - exec CUpdateClientPartner::GetHTTPPage
2024-08-31 20:33:19 -  - TIME GetUpdatesList(request) 0.143 sec
2024-08-31 20:33:19 -  - exec CUpdateClientPartner::ParseServerData
2024-08-31 20:33:19 -  - exec CUpdateClientPartner::__CollectRequestData
2024-08-31 20:33:19 -  - exec CUpdateClientPartner::GetHTTPPage
2024-08-31 20:33:20 -  - exec CUpdateClientPartner::ParseServerData
2024-09-07 20:34:35 -  - exec CUpdateClientPartner::__CollectRequestData
2024-09-07 20:34:35 -  - exec CUpdateClientPartner::GetHTTPPage
2024-09-07 20:34:35 -  - exec CUpdateClientPartner::ParseServerData
2024-09-07 20:34:35 -  - exec CUpdateClientPartner::GetUpdatesList
2024-09-07 20:34:35 -  - exec CUpdateClientPartner::__CollectRequestData
2024-09-07 20:34:35 -  - utf=Y&lang=ru&stable=Y&CANGZIP=Y&SUPD_DBS=MYSQL&XE=N&CLIENT_SITE=angelina&LICENSE_KEY=X&SUPD_STS=1&SUPD_URS=0&TYPENC=E&CLIENT_PHPVER=8.0.22&NGINX=Y&dbv=8.0.30&instm=main%2C23.900.600%2CN%3Bb24connector%2C22.0.0%2CN%3Bbitrix.sitecorporate%2C15.5.0%2CN%3Bbitrix.siteinfoportal%2C15.5.0%2CN%3Bbitrix.sitepersonal%2C15.5.0%2CN%3Bbitrixcloud%2C23.0.0%2CN%3Bblog%2C23.100.0%2CN%3Bclouds%2C23.100.0%2CN%3Bfileman%2C23.300.0%2CN%3Bform%2C23.0.0%2CN%3Bforum%2C23.400.0%2CN%3Bhighloadblock%2C23.100.0%2CN%3Biblock%2C23.400.100%2CN%3Blanding%2C23.1300.200%2CN%3Blocation%2C23.300.0%2CN%3Bmessageservice%2C24.0.0%2CN%3Bmobileapp%2C23.200.0%2CN%3Bperfmon%2C23.100.0%2CN%3Bphotogallery%2C23.0.0%2CN%3Brest%2C24.0.0%2CN%3Bscale%2C21.0.0%2CN%3Bsearch%2C23.0.0%2CN%3Bsecurity%2C23.200.100%2CN%3Bseo%2C23.500.0%2CN%3Bsocialservices%2C24.0.100%2CN%3Bsubscribe%2C23.100.0%2CN%3Btranslate%2C23.400.0%2CN%3Bui%2C23.575.0%2CN%3Bvote%2C23.300.100%2CN&reqm=bitrix.sitecorporate%2Cbitrix.siteinfoportal%2Cbitrix.sitepersonal&fullmoduleinfo=Y&SUPD_SRS=RU&SUPD_CMP=N
2024-09-07 20:34:35 -  - exec CUpdateClientPartner::GetHTTPPage
2024-09-07 20:34:35 -  - TIME GetUpdatesList(request) 0.155 sec
2024-09-07 20:34:35 -  - exec CUpdateClientPartner::ParseServerData
2024-09-07 20:34:35 -  - exec CUpdateClientPartner::__CollectRequestData
2024-09-07 20:34:35 -  - exec CUpdateClientPartner::GetHTTPPage
2024-09-07 20:34:35 -  - exec CUpdateClientPartner::ParseServerData
